<?xml version="1.0" encoding="UTF-8"?>
<testng-results ignored="0" total="1" passed="1" failed="0" skipped="0">
  <reporter-output>
  </reporter-output>
  <suite started-at="2021-03-05T18:14:50 IST" name="Default suite" finished-at="2021-03-05T18:14:56 IST" duration-ms="6163">
    <groups>
    </groups>
    <test started-at="2021-03-05T18:14:50 IST" name="Default test" finished-at="2021-03-05T18:14:56 IST" duration-ms="6163">
      <class name="Test_cases.sample">
        <test-method signature="test()[pri:0, instance:Test_cases.sample@6a01e23]" started-at="2021-03-05T18:14:50 IST" name="test" finished-at="2021-03-05T18:14:56 IST" duration-ms="6138" status="PASS">
          <reporter-output>
          </reporter-output>
        </test-method> <!-- test -->
      </class> <!-- Test_cases.sample -->
    </test> <!-- Default test -->
  </suite> <!-- Default suite -->
</testng-results>
